<?xml version="1.0" encoding="UTF-8"?>
<!-- Generated by org.testng.reporters.JUnitReportReporter -->
<testsuite hostname="Palash" failures="0" tests="2" name="TestNGBasics.Assignment14LoginTestWithDataProviderTest" time="1.637" errors="0" timestamp="2022-10-07T22:37:36 IST" skipped="0">
  <testcase classname="TestNGBasics.Assignment14LoginTestWithDataProviderTest" name="loginTest" time="1.119"/>
  <system-out/>
  <testcase classname="TestNGBasics.Assignment14LoginTestWithDataProviderTest" name="loginTest" time="0.518"/>
  <system-out/>
</testsuite> <!-- TestNGBasics.LoginTestWithDataProviderTest -->
